c:\users\xcwal\source\repos\dxl\dxl\x64\release\vc143.pdb
c:\users\xcwal\source\repos\dxl\dxl\x64\release\vertexshader.obj
c:\users\xcwal\source\repos\dxl\dxl\x64\release\swapchain.obj
c:\users\xcwal\source\repos\dxl\dxl\x64\release\shadermanager.obj
c:\users\xcwal\source\repos\dxl\dxl\x64\release\renderer.obj
c:\users\xcwal\source\repos\dxl\dxl\x64\release\graphicsengine.obj
c:\users\xcwal\source\repos\dxl\dxl\x64\release\devicecontext.obj
c:\users\xcwal\source\repos\dxl\dxl\x64\release\constantbuffer.obj
c:\users\xcwal\source\repos\dxl\dxl\x64\release\applicationwindow.obj
c:\users\xcwal\source\repos\dxl\dxl\x64\release\app.obj
c:\users\xcwal\source\repos\dxl\dxl\x64\release\window.obj
c:\users\xcwal\source\repos\dxl\dxl\x64\release\main.obj
c:\users\xcwal\source\repos\dxl\dxl\x64\release\inputsystem.obj
c:\users\xcwal\source\repos\dxl\dxl\x64\release\inputmanager.obj
c:\users\xcwal\source\repos\dxl\dxl\x64\release\vertexbuffer.obj
c:\users\xcwal\source\repos\dxl\dxl\x64\release\pixelshader.obj
c:\users\xcwal\source\repos\dxl\dxl\x64\release\meshmanager.obj
c:\users\xcwal\source\repos\dxl\dxl\x64\release\mesh.obj
c:\users\xcwal\source\repos\dxl\dxl\x64\release\indexbuffer.obj
c:\users\xcwal\source\repos\dxl\dxl\x64\release\inputlayout.obj
c:\users\xcwal\source\repos\dxl\dxl\x64\release\camera.obj
c:\users\xcwal\source\repos\dxl\dxl\x64\release\texturemanager.obj
c:\users\xcwal\source\repos\dxl\dxl\x64\release\texture.obj
c:\users\xcwal\source\repos\dxl\dxl\x64\release\image.obj
c:\users\xcwal\source\repos\dxl\x64\release\vc143.pdb
c:\users\xcwal\source\repos\dxl\x64\release\assets\shaders\vertexlayoutshader.cso
c:\users\xcwal\source\repos\dxl\x64\release\assets\shaders\pixelshader.cso
c:\users\xcwal\source\repos\dxl\x64\release\assets\shaders\vertexshader.cso
c:\users\xcwal\source\repos\dxl\x64\release\dxl.exe
c:\users\xcwal\source\repos\dxl\dxl\x64\release\dxl.ipdb
c:\users\xcwal\source\repos\dxl\x64\release\dxl.pdb
c:\users\xcwal\source\repos\dxl\dxl\x64\release\dxl.iobj
c:\users\xcwal\source\repos\dxl\dxl\x64\release\dxl.tlog\cl.command.1.tlog
c:\users\xcwal\source\repos\dxl\dxl\x64\release\dxl.tlog\cl.read.1.tlog
c:\users\xcwal\source\repos\dxl\dxl\x64\release\dxl.tlog\cl.write.1.tlog
c:\users\xcwal\source\repos\dxl\dxl\x64\release\dxl.tlog\fxc.command.1.tlog
c:\users\xcwal\source\repos\dxl\dxl\x64\release\dxl.tlog\fxc.read.1.tlog
c:\users\xcwal\source\repos\dxl\dxl\x64\release\dxl.tlog\fxc.write.1.tlog
c:\users\xcwal\source\repos\dxl\dxl\x64\release\dxl.tlog\link.command.1.tlog
c:\users\xcwal\source\repos\dxl\dxl\x64\release\dxl.tlog\link.read.1.tlog
c:\users\xcwal\source\repos\dxl\dxl\x64\release\dxl.tlog\link.write.1.tlog
