c:\users\xcwal\source\repos\dxl\x64\debug\vc143.pdb
c:\users\xcwal\source\repos\dxl\x64\debug\vc143.idb
c:\users\xcwal\source\repos\dxl\dxl\x64\debug\dxglgovernor.obj
c:\users\xcwal\source\repos\dxl\dxl\x64\debug\dxglentitymanager.obj
c:\users\xcwal\source\repos\dxl\dxl\x64\debug\dxgldomainshader.obj
c:\users\xcwal\source\repos\dxl\dxl\x64\debug\dxglcomputersystem.obj
c:\users\xcwal\source\repos\dxl\dxl\x64\debug\dxglcomponentmanager.obj
c:\users\xcwal\source\repos\dxl\dxl\x64\debug\dxglcomponentlist.obj
c:\users\xcwal\source\repos\dxl\dxl\x64\debug\dxglcbuffermanager.obj
c:\users\xcwal\source\repos\dxl\dxl\x64\debug\dxglcbuffer.obj
c:\users\xcwal\source\repos\dxl\dxl\x64\debug\dxglcameramanager.obj
c:\users\xcwal\source\repos\dxl\dxl\x64\debug\dxglcamera.obj
c:\users\xcwal\source\repos\dxl\dxl\x64\debug\dxglbloomsystem.obj
c:\users\xcwal\source\repos\dxl\dxl\x64\debug\dxglapplication.obj
c:\users\xcwal\source\repos\dxl\dxl\x64\debug\dxglapp.obj
c:\users\xcwal\source\repos\dxl\dxl\x64\debug\devicecontext.obj
c:\users\xcwal\source\repos\dxl\dxl\x64\debug\daynightcycle.obj
c:\users\xcwal\source\repos\dxl\dxl\x64\debug\constantbuffer.obj
c:\users\xcwal\source\repos\dxl\dxl\x64\debug\computeshader.obj
c:\users\xcwal\source\repos\dxl\dxl\x64\debug\camera.obj
c:\users\xcwal\source\repos\dxl\dxl\x64\debug\applicationwindow.obj
c:\users\xcwal\source\repos\dxl\dxl\x64\debug\app.obj
c:\users\xcwal\source\repos\dxl\dxl\x64\debug\dxglstageshader.obj
c:\users\xcwal\source\repos\dxl\dxl\x64\debug\dxglstageraster.obj
c:\users\xcwal\source\repos\dxl\dxl\x64\debug\dxglstageinput.obj
c:\users\xcwal\source\repos\dxl\dxl\x64\debug\dxglshadow.obj
c:\users\xcwal\source\repos\dxl\dxl\x64\debug\dxglsamplermanager.obj
c:\users\xcwal\source\repos\dxl\dxl\x64\debug\dxglrendergovernor.obj
c:\users\xcwal\source\repos\dxl\dxl\x64\debug\dxglrender.obj
c:\users\xcwal\source\repos\dxl\dxl\x64\debug\dxglpixelshader.obj
c:\users\xcwal\source\repos\dxl\dxl\x64\debug\dxglmeshmanager.obj
c:\users\xcwal\source\repos\dxl\dxl\x64\debug\dxglmesh.obj
c:\users\xcwal\source\repos\dxl\dxl\x64\debug\dxglmaterialmanager.obj
c:\users\xcwal\source\repos\dxl\dxl\x64\debug\dxglmaterial.obj
c:\users\xcwal\source\repos\dxl\dxl\x64\debug\dxgllight.obj
c:\users\xcwal\source\repos\dxl\dxl\x64\debug\dxglinputsystem.obj
c:\users\xcwal\source\repos\dxl\dxl\x64\debug\dxglinputlayout.obj
c:\users\xcwal\source\repos\dxl\dxl\x64\debug\dxglindexbuffer.obj
c:\users\xcwal\source\repos\dxl\dxl\x64\debug\dxglimage.obj
c:\users\xcwal\source\repos\dxl\dxl\x64\debug\dxglhullshader.obj
c:\users\xcwal\source\repos\dxl\dxl\x64\debug\dxglgroup.obj
c:\users\xcwal\source\repos\dxl\dxl\x64\debug\dxglgraphics.obj
c:\users\xcwal\source\repos\dxl\dxl\x64\debug\material.obj
c:\users\xcwal\source\repos\dxl\dxl\x64\debug\main.obj
c:\users\xcwal\source\repos\dxl\dxl\x64\debug\inputsystem.obj
c:\users\xcwal\source\repos\dxl\dxl\x64\debug\inputmanager.obj
c:\users\xcwal\source\repos\dxl\dxl\x64\debug\inputlayout.obj
c:\users\xcwal\source\repos\dxl\dxl\x64\debug\indexbuffer.obj
c:\users\xcwal\source\repos\dxl\dxl\x64\debug\image.obj
c:\users\xcwal\source\repos\dxl\dxl\x64\debug\graphicsengine.obj
c:\users\xcwal\source\repos\dxl\dxl\x64\debug\dxglrendercore.obj
c:\users\xcwal\source\repos\dxl\dxl\x64\debug\dxglscenesystem.obj
c:\users\xcwal\source\repos\dxl\dxl\x64\debug\dxglviewsystem.obj
c:\users\xcwal\source\repos\dxl\dxl\x64\debug\dxgllightingsystem.obj
c:\users\xcwal\source\repos\dxl\dxl\x64\debug\dxglwindow.obj
c:\users\xcwal\source\repos\dxl\dxl\x64\debug\dxglview.obj
c:\users\xcwal\source\repos\dxl\dxl\x64\debug\dxglvertexshader.obj
c:\users\xcwal\source\repos\dxl\dxl\x64\debug\dxgltimer.obj
c:\users\xcwal\source\repos\dxl\dxl\x64\debug\dxgltexturemanager.obj
c:\users\xcwal\source\repos\dxl\dxl\x64\debug\dxgltexture2d.obj
c:\users\xcwal\source\repos\dxl\dxl\x64\debug\dxglinputmanager.obj
c:\users\xcwal\source\repos\dxl\dxl\x64\debug\dxglswapchain.obj
c:\users\xcwal\source\repos\dxl\dxl\x64\debug\window.obj
c:\users\xcwal\source\repos\dxl\dxl\x64\debug\vertexshader.obj
c:\users\xcwal\source\repos\dxl\dxl\x64\debug\vertexbuffer.obj
c:\users\xcwal\source\repos\dxl\dxl\x64\debug\texturemanager.obj
c:\users\xcwal\source\repos\dxl\dxl\x64\debug\texture2d.obj
c:\users\xcwal\source\repos\dxl\dxl\x64\debug\swapchain.obj
c:\users\xcwal\source\repos\dxl\dxl\x64\debug\dxglvertexbuffer.obj
c:\users\xcwal\source\repos\dxl\dxl\x64\debug\dxglshadowsystem.obj
c:\users\xcwal\source\repos\dxl\dxl\x64\debug\shadermanager.obj
c:\users\xcwal\source\repos\dxl\dxl\x64\debug\renderer.obj
c:\users\xcwal\source\repos\dxl\dxl\x64\debug\pixelshader.obj
c:\users\xcwal\source\repos\dxl\dxl\x64\debug\meshmanager.obj
c:\users\xcwal\source\repos\dxl\dxl\x64\debug\mesh.obj
c:\users\xcwal\source\repos\dxl\dxl\x64\debug\materialmanager.obj
c:\users\xcwal\source\repos\dxl\dxl\x64\debug\dxglinstancebuffer.obj
c:\users\xcwal\source\repos\dxl\dxl\x64\debug\dxglraster.obj
c:\users\xcwal\source\repos\dxl\dxl\x64\debug\dxglinput.obj
c:\users\xcwal\source\repos\dxl\dxl\x64\debug\dxglshader.obj
c:\users\xcwal\source\repos\dxl\dxl\x64\debug\tree.obj
c:\users\xcwal\source\repos\dxl\dxl\x64\debug\dxgltexturecube.obj
c:\users\xcwal\source\repos\dxl\dxl\x64\debug\dxgloutputmerger.obj
c:\users\xcwal\source\repos\dxl\dxl\x64\debug\dxglmousepicker.obj
c:\users\xcwal\source\repos\dxl\dxl\x64\debug\renderqueue.obj
c:\users\xcwal\source\repos\dxl\dxl\x64\debug\dxglshaderresourceview.obj
c:\users\xcwal\source\repos\dxl\dxl\x64\debug\dxglsamplerstate.obj
c:\users\xcwal\source\repos\dxl\dxl\x64\debug\dxglresourcemanager.obj
c:\users\xcwal\source\repos\dxl\dxl\x64\debug\dxglrendertargetview.obj
c:\users\xcwal\source\repos\dxl\dxl\x64\debug\dxgldepthstencilview.obj
c:\users\xcwal\source\repos\dxl\dxl\x64\debug\postprocessor.obj
c:\users\xcwal\source\repos\dxl\dxl\x64\debug\dxglcore.obj
c:\users\xcwal\source\repos\dxl\dxl\x64\debug\dxglrenderer.obj
c:\users\xcwal\source\repos\dxl\x64\debug\assets\shaders\ps.cso
c:\users\xcwal\source\repos\dxl\x64\debug\assets\shaders\ps_normalmap.cso
c:\users\xcwal\source\repos\dxl\x64\debug\assets\shaders\ps_pbr.cso
c:\users\xcwal\source\repos\dxl\x64\debug\assets\shaders\ps_simple.cso
c:\users\xcwal\source\repos\dxl\x64\debug\assets\shaders\vs.cso
c:\users\xcwal\source\repos\dxl\x64\debug\assets\shaders\vs_normalmap.cso
c:\users\xcwal\source\repos\dxl\x64\debug\assets\shaders\vs_pbr.cso
c:\users\xcwal\source\repos\dxl\x64\debug\assets\shaders\blurcomposite.cso
c:\users\xcwal\source\repos\dxl\x64\debug\assets\shaders\blurhorizontal.cso
c:\users\xcwal\source\repos\dxl\x64\debug\assets\shaders\blurthreshold.cso
c:\users\xcwal\source\repos\dxl\x64\debug\assets\shaders\blurvertical.cso
c:\users\xcwal\source\repos\dxl\x64\debug\assets\shaders\linepixelshader.cso
c:\users\xcwal\source\repos\dxl\x64\debug\assets\shaders\linevertexshader.cso
c:\users\xcwal\source\repos\dxl\x64\debug\assets\shaders\pixelshader.cso
c:\users\xcwal\source\repos\dxl\x64\debug\assets\shaders\shadowpixelshader.cso
c:\users\xcwal\source\repos\dxl\x64\debug\assets\shaders\shadowvertexshader.cso
c:\users\xcwal\source\repos\dxl\x64\debug\assets\shaders\vertexlayoutshader.cso
c:\users\xcwal\source\repos\dxl\x64\debug\assets\shaders\vertexshader.cso
c:\users\xcwal\source\repos\dxl\x64\debug\assets\shaders\vs_shadow.cso
c:\users\xcwal\source\repos\dxl\x64\debug\assets\shaders\ds_simple.cso
c:\users\xcwal\source\repos\dxl\x64\debug\assets\shaders\hs_simple.cso
c:\users\xcwal\source\repos\dxl\x64\debug\assets\shaders\ps_shadow.cso
c:\users\xcwal\source\repos\dxl\x64\debug\assets\shaders\vs_skybox.cso
c:\users\xcwal\source\repos\dxl\x64\debug\assets\shaders\vs_postprocess.cso
c:\users\xcwal\source\repos\dxl\x64\debug\assets\shaders\ps_skybox.cso
c:\users\xcwal\source\repos\dxl\x64\debug\assets\shaders\ps_mousepick.cso
c:\users\xcwal\source\repos\dxl\x64\debug\assets\shaders\vs_simple.cso
c:\users\xcwal\source\repos\dxl\x64\debug\assets\shaders\ps_postprocess.cso
c:\users\xcwal\source\repos\dxl\x64\debug\assets\shaders\ps_drunkvision.cso
c:\users\xcwal\source\repos\dxl\x64\debug\assets\shaders\ps_nightvision.cso
c:\users\xcwal\source\repos\dxl\x64\debug\assets\shaders\vs_mousepick.cso
c:\users\xcwal\source\repos\dxl\x64\debug\assets\shaders\domainshader.cso
c:\users\xcwal\source\repos\dxl\x64\debug\assets\shaders\hullshader.cso
c:\users\xcwal\source\repos\dxl\x64\debug\assets\shaders\ps_tessellation.cso
c:\users\xcwal\source\repos\dxl\x64\debug\assets\shaders\vs_instance.cso
c:\users\xcwal\source\repos\dxl\x64\debug\assets\shaders\vs_tessellation.cso
c:\users\xcwal\source\repos\dxl\x64\debug\assets\shaders\ps_instance.cso
c:\users\xcwal\source\repos\dxl\x64\debug\dxgl.exe
c:\users\xcwal\source\repos\dxl\dxl\x64\debug\dxgl.ilk
c:\users\xcwal\source\repos\dxl\x64\debug\dxgl.pdb
c:\users\xcwal\source\repos\dxl\dxl\x64\debug\dxglapp.new.obj.enc
c:\users\xcwal\source\repos\dxl\dxl\x64\debug\dxglcamera.obj.enc
c:\users\xcwal\source\repos\dxl\dxl\x64\debug\dxglcomponentmanager.obj.enc
c:\users\xcwal\source\repos\dxl\dxl\x64\debug\dxglcore.obj.enc
c:\users\xcwal\source\repos\dxl\dxl\x64\debug\dxgldomainshader.obj.enc
c:\users\xcwal\source\repos\dxl\dxl\x64\debug\dxglgovernor.obj.enc
c:\users\xcwal\source\repos\dxl\dxl\x64\debug\dxglhullshader.obj.enc
c:\users\xcwal\source\repos\dxl\dxl\x64\debug\dxglpixelshader.obj.enc
c:\users\xcwal\source\repos\dxl\dxl\x64\debug\dxglswapchain.obj.enc
c:\users\xcwal\source\repos\dxl\dxl\x64\debug\dxgltexture2d.obj.enc
c:\users\xcwal\source\repos\dxl\dxl\x64\debug\dxgltexturecube.obj.enc
c:\users\xcwal\source\repos\dxl\dxl\x64\debug\main.new.obj.enc
c:\users\xcwal\source\repos\dxl\dxl\x64\debug\dxgl.tlog\cl.command.1.tlog
c:\users\xcwal\source\repos\dxl\dxl\x64\debug\dxgl.tlog\cl.read.1.tlog
c:\users\xcwal\source\repos\dxl\dxl\x64\debug\dxgl.tlog\cl.write.1.tlog
c:\users\xcwal\source\repos\dxl\dxl\x64\debug\dxgl.tlog\fxc.command.1.tlog
c:\users\xcwal\source\repos\dxl\dxl\x64\debug\dxgl.tlog\fxc.read.1.tlog
c:\users\xcwal\source\repos\dxl\dxl\x64\debug\dxgl.tlog\fxc.write.1.tlog
c:\users\xcwal\source\repos\dxl\dxl\x64\debug\dxgl.tlog\link.command.1.tlog
c:\users\xcwal\source\repos\dxl\dxl\x64\debug\dxgl.tlog\link.read.1.tlog
c:\users\xcwal\source\repos\dxl\dxl\x64\debug\dxgl.tlog\link.write.1.tlog
