C:\Program Files\Microsoft Visual Studio\2022\Community\MSBuild\Microsoft\VC\v170\Microsoft.CppBuild.targets(520,5): warning MSB8004: Output Directory does not end with a trailing slash.  This build instance will add the slash as it is required to allow proper evaluation of the Output Directory.
C:\Program Files\Microsoft Visual Studio\2022\Community\MSBuild\Microsoft\VC\v170\Microsoft.CppBuild.targets(534,5): warning MSB8028: The intermediate directory (x64\Debug\) contains files shared from another project (DXL.vcxproj).  This can lead to incorrect clean and rebuild behavior.
  DXGLTerrainManager.cpp
C:\Users\xcwal\source\repos\DXL\DXL\Math.h(75,44): warning C4244: 'argument': conversion from 'int' to 'float', possible loss of data
C:\Users\xcwal\source\repos\DXL\DXL\Math.h(98,44): warning C4244: 'argument': conversion from 'int' to 'float', possible loss of data
C:\Users\xcwal\source\repos\DXL\DXL\Math.h(99,44): warning C4244: 'argument': conversion from 'int' to 'float', possible loss of data
C:\Users\xcwal\source\repos\DXL\DXL\Math.h(100,44): warning C4244: 'argument': conversion from 'int' to 'float', possible loss of data
C:\Users\xcwal\source\repos\DXL\DXL\DXGLTerrainManager.cpp(51,13): warning C4244: 'initializing': conversion from 'float' to 'int', possible loss of data
C:\Users\xcwal\source\repos\DXL\DXL\DXGLTerrainManager.cpp(51,36): warning C4244: '+=': conversion from 'float' to 'int', possible loss of data
C:\Users\xcwal\source\repos\DXL\DXL\DXGLTerrainManager.cpp(52,14): warning C4244: 'initializing': conversion from 'float' to 'int', possible loss of data
C:\Users\xcwal\source\repos\DXL\DXL\DXGLTerrainManager.cpp(52,37): warning C4244: '+=': conversion from 'float' to 'int', possible loss of data
C:\Users\xcwal\source\repos\DXL\DXL\DXGLTerrainManager.cpp(55,34): warning C4244: 'argument': conversion from 'int' to 'float', possible loss of data
C:\Users\xcwal\source\repos\DXL\DXL\DXGLTerrainManager.cpp(55,28): warning C4244: 'argument': conversion from 'int' to 'float', possible loss of data
C:\Users\xcwal\source\repos\DXL\DXL\DXGLTerrainManager.cpp(57,35): warning C4244: 'argument': conversion from 'int' to 'float', possible loss of data
C:\Users\xcwal\source\repos\DXL\DXL\DXGLTerrainManager.cpp(57,32): warning C4244: 'argument': conversion from 'int' to 'float', possible loss of data
C:\Users\xcwal\source\repos\DXL\DXL\DXGLTerrainManager.cpp(80,65): warning C4244: 'argument': conversion from 'float' to '_Ty', possible loss of data
          with
          [
              _Ty=unsigned int
          ]
C:\Users\xcwal\source\repos\DXL\DXL\DXGLTerrainManager.cpp(81,65): warning C4244: 'argument': conversion from 'float' to '_Ty', possible loss of data
          with
          [
              _Ty=unsigned int
          ]
C:\Users\xcwal\source\repos\DXL\DXL\DXGLTerrainManager.cpp(82,65): warning C4244: 'argument': conversion from 'float' to '_Ty', possible loss of data
          with
          [
              _Ty=unsigned int
          ]
C:\Users\xcwal\source\repos\DXL\DXL\DXGLTerrainManager.cpp(161,81): warning C4267: 'argument': conversion from 'size_t' to 'int', possible loss of data
C:\Users\xcwal\source\repos\DXL\DXL\DXGLTerrainManager.cpp(231,98): warning C4267: 'argument': conversion from 'size_t' to 'UINT', possible loss of data
  DXL.vcxproj -> C:\Users\xcwal\source\repos\DXL\x64\Debug\DXGL.exe
  0 File(s) copied
