c:\users\xcwal\source\repos\dxl\x64\debug\vc143.pdb
c:\users\xcwal\source\repos\dxl\x64\debug\vc143.idb
c:\users\xcwal\source\repos\dxl\dxl\x64\debug\swapchain.obj
c:\users\xcwal\source\repos\dxl\dxl\x64\debug\shadermanager.obj
c:\users\xcwal\source\repos\dxl\dxl\x64\debug\renderer.obj
c:\users\xcwal\source\repos\dxl\dxl\x64\debug\pixelshader.obj
c:\users\xcwal\source\repos\dxl\dxl\x64\debug\meshmanager.obj
c:\users\xcwal\source\repos\dxl\dxl\x64\debug\mesh.obj
c:\users\xcwal\source\repos\dxl\dxl\x64\debug\material.obj
c:\users\xcwal\source\repos\dxl\dxl\x64\debug\main.obj
c:\users\xcwal\source\repos\dxl\dxl\x64\debug\inputsystem.obj
c:\users\xcwal\source\repos\dxl\dxl\x64\debug\inputmanager.obj
c:\users\xcwal\source\repos\dxl\dxl\x64\debug\inputlayout.obj
c:\users\xcwal\source\repos\dxl\dxl\x64\debug\indexbuffer.obj
c:\users\xcwal\source\repos\dxl\dxl\x64\debug\image.obj
c:\users\xcwal\source\repos\dxl\dxl\x64\debug\graphicsengine.obj
c:\users\xcwal\source\repos\dxl\dxl\x64\debug\devicecontext.obj
c:\users\xcwal\source\repos\dxl\dxl\x64\debug\constantbuffer.obj
c:\users\xcwal\source\repos\dxl\dxl\x64\debug\camera.obj
c:\users\xcwal\source\repos\dxl\dxl\x64\debug\applicationwindow.obj
c:\users\xcwal\source\repos\dxl\dxl\x64\debug\app.obj
c:\users\xcwal\source\repos\dxl\dxl\x64\debug\window.obj
c:\users\xcwal\source\repos\dxl\dxl\x64\debug\vertexshader.obj
c:\users\xcwal\source\repos\dxl\dxl\x64\debug\vertexbuffer.obj
c:\users\xcwal\source\repos\dxl\dxl\x64\debug\texturemanager.obj
c:\users\xcwal\source\repos\dxl\dxl\x64\debug\texture.obj
c:\users\xcwal\source\repos\dxl\dxl\x64\debug\materialmanager.obj
c:\users\xcwal\source\repos\dxl\dxl\x64\debug\shadow.obj
c:\users\xcwal\source\repos\dxl\dxl\x64\debug\drawable.obj
c:\users\xcwal\source\repos\dxl\x64\debug\assets\shaders\vertexlayoutshader.cso
c:\users\xcwal\source\repos\dxl\x64\debug\assets\shaders\linepixelshader.cso
c:\users\xcwal\source\repos\dxl\x64\debug\assets\shaders\linevertexshader.cso
c:\users\xcwal\source\repos\dxl\x64\debug\assets\shaders\shadowpixelshader.cso
c:\users\xcwal\source\repos\dxl\x64\debug\assets\shaders\shadowvertexshader.cso
c:\users\xcwal\source\repos\dxl\x64\debug\assets\shaders\pixelshader.cso
c:\users\xcwal\source\repos\dxl\x64\debug\assets\shaders\basicps.cso
c:\users\xcwal\source\repos\dxl\x64\debug\assets\shaders\vertexshader.cso
c:\users\xcwal\source\repos\dxl\x64\debug\dxl.exe
c:\users\xcwal\source\repos\dxl\dxl\x64\debug\dxl.ilk
c:\users\xcwal\source\repos\dxl\x64\debug\dxl.pdb
c:\users\xcwal\source\repos\dxl\dxl\x64\debug\dxl.tlog\cl.command.1.tlog
c:\users\xcwal\source\repos\dxl\dxl\x64\debug\dxl.tlog\cl.read.1.tlog
c:\users\xcwal\source\repos\dxl\dxl\x64\debug\dxl.tlog\cl.write.1.tlog
c:\users\xcwal\source\repos\dxl\dxl\x64\debug\dxl.tlog\fxc.command.1.tlog
c:\users\xcwal\source\repos\dxl\dxl\x64\debug\dxl.tlog\fxc.read.1.tlog
c:\users\xcwal\source\repos\dxl\dxl\x64\debug\dxl.tlog\fxc.write.1.tlog
c:\users\xcwal\source\repos\dxl\dxl\x64\debug\dxl.tlog\link-cvtres.read.1.tlog
c:\users\xcwal\source\repos\dxl\dxl\x64\debug\dxl.tlog\link-cvtres.write.1.tlog
c:\users\xcwal\source\repos\dxl\dxl\x64\debug\dxl.tlog\link-rc.read.1.tlog
c:\users\xcwal\source\repos\dxl\dxl\x64\debug\dxl.tlog\link-rc.write.1.tlog
c:\users\xcwal\source\repos\dxl\dxl\x64\debug\dxl.tlog\link.5556-cvtres.read.1.tlog
c:\users\xcwal\source\repos\dxl\dxl\x64\debug\dxl.tlog\link.5556-cvtres.write.1.tlog
c:\users\xcwal\source\repos\dxl\dxl\x64\debug\dxl.tlog\link.5556-rc.read.1.tlog
c:\users\xcwal\source\repos\dxl\dxl\x64\debug\dxl.tlog\link.5556-rc.write.1.tlog
c:\users\xcwal\source\repos\dxl\dxl\x64\debug\dxl.tlog\link.5556.read.1.tlog
c:\users\xcwal\source\repos\dxl\dxl\x64\debug\dxl.tlog\link.5556.read.2.tlog
c:\users\xcwal\source\repos\dxl\dxl\x64\debug\dxl.tlog\link.5556.write.1.tlog
c:\users\xcwal\source\repos\dxl\dxl\x64\debug\dxl.tlog\link.command.1.tlog
c:\users\xcwal\source\repos\dxl\dxl\x64\debug\dxl.tlog\link.read.1.tlog
c:\users\xcwal\source\repos\dxl\dxl\x64\debug\dxl.tlog\link.read.2.tlog
c:\users\xcwal\source\repos\dxl\dxl\x64\debug\dxl.tlog\link.write.1.tlog
